{"total": {"lines":{"total":55,"covered":55,"skipped":0,"pct":100},"statements":{"total":65,"covered":62,"skipped":0,"pct":95.38},"functions":{"total":9,"covered":9,"skipped":0,"pct":100},"branches":{"total":56,"covered":49,"skipped":0,"pct":87.5}}
,"/Users/michael/Projects/personal/readable-elapsed-timer/index.js": {"lines":{"total":46,"covered":46,"skipped":0,"pct":100},"functions":{"total":9,"covered":9,"skipped":0,"pct":100},"statements":{"total":56,"covered":53,"skipped":0,"pct":94.64},"branches":{"total":56,"covered":49,"skipped":0,"pct":87.5}}
,"/Users/michael/Projects/personal/readable-elapsed-timer/lang/en.js": {"lines":{"total":2,"covered":2,"skipped":0,"pct":100},"functions":{"total":0,"covered":0,"skipped":0,"pct":100},"statements":{"total":2,"covered":2,"skipped":0,"pct":100},"branches":{"total":0,"covered":0,"skipped":0,"pct":100}}
,"/Users/michael/Projects/personal/readable-elapsed-timer/lang/index.js": {"lines":{"total":5,"covered":5,"skipped":0,"pct":100},"functions":{"total":0,"covered":0,"skipped":0,"pct":100},"statements":{"total":5,"covered":5,"skipped":0,"pct":100},"branches":{"total":0,"covered":0,"skipped":0,"pct":100}}
,"/Users/michael/Projects/personal/readable-elapsed-timer/lang/ja.js": {"lines":{"total":2,"covered":2,"skipped":0,"pct":100},"functions":{"total":0,"covered":0,"skipped":0,"pct":100},"statements":{"total":2,"covered":2,"skipped":0,"pct":100},"branches":{"total":0,"covered":0,"skipped":0,"pct":100}}
}
