{"total": {"lines":{"total":35,"covered":35,"skipped":0,"pct":100},"statements":{"total":42,"covered":39,"skipped":0,"pct":92.86},"functions":{"total":8,"covered":8,"skipped":0,"pct":100},"branches":{"total":42,"covered":30,"skipped":0,"pct":71.43}}
,"/Users/admin/Projects/pbt/readable-elapsed-timer/index.js": {"lines":{"total":35,"covered":35,"skipped":0,"pct":100},"functions":{"total":8,"covered":8,"skipped":0,"pct":100},"statements":{"total":42,"covered":39,"skipped":0,"pct":92.86},"branches":{"total":42,"covered":30,"skipped":0,"pct":71.43}}
}
